<?xml version="1.0" encoding="UTF-8"?>
<!-- Generated by org.testng.reporters.JUnitXMLReporter -->
<testsuite hostname="LAPTOP-IFGHVPFF" name="Test" tests="3" failures="1" timestamp="19 Jan 2020 23:10:19 GMT" time="76.563" errors="0">
  <testcase name="walmartTitleTest" time="0.041" classname="com.qa.testclass.LoginClassTest">
    <failure type="java.lang.AssertionError" message="expected [true] but found [false]">
      <![CDATA[java.lang.AssertionError: expected [true] but found [false]
	at com.qa.testclass.LoginClassTest.walmartTitleTest(LoginClassTest.java:44)
... Removed 28 stack frames]]>
    </failure>
  </testcase> <!-- walmartTitleTest -->
  <testcase name="validateclickOnMyAccount" time="5.535" classname="com.qa.testclass.LoginClassTest"/>
  <testcase name="validateElectronicsTest" time="10.988" classname="com.qa.testclass.LoginClassTest"/>
</testsuite> <!-- Test -->
