<?xml version="1.0" encoding="UTF-8"?>
<!-- Generated by org.testng.reporters.JUnitXMLReporter -->
<testsuite hostname="LAPTOP-IFGHVPFF" name="Command line test" tests="4" failures="2" timestamp="22 Jan 2020 15:08:24 GMT" time="127.679" errors="0">
  <testcase name="validateElectronicsPageTitle" time="0.002" classname="com.qa.testclass.ElectronicsClassTest">
    <failure type="java.lang.NullPointerException">
      <![CDATA[java.lang.NullPointerException
	at com.qa.testclass.ElectronicsClassTest.validateElectronicsPageTitle(ElectronicsClassTest.java:50)
... Removed 34 stack frames]]>
    </failure>
  </testcase> <!-- validateElectronicsPageTitle -->
  <testcase name="walmartTitleTest" time="0.018" classname="com.qa.testclass.LoginClassTest">
    <failure type="java.lang.AssertionError" message="expected [true] but found [false]">
      <![CDATA[java.lang.AssertionError: expected [true] but found [false]
	at com.qa.testclass.LoginClassTest.walmartTitleTest(LoginClassTest.java:44)
... Removed 38 stack frames]]>
    </failure>
  </testcase> <!-- walmartTitleTest -->
  <testcase name="validateclickOnMyAccount" time="17.576" classname="com.qa.testclass.LoginClassTest"/>
  <testcase name="validateElectronicsTest" time="14.485" classname="com.qa.testclass.LoginClassTest"/>
</testsuite> <!-- Command line test -->
