<?xml version="1.0" encoding="UTF-8" ?>
<testsuite tests="4" failures="2" name="TestSuite" time="32.085" errors="0" skipped="0">
  <properties>
[...]
</properties>
  <testcase classname="com.qa.testclass.ElectronicsClassTest" name="validateElectronicsPageTitle" time="0.008">
    <failure type="java.lang.NullPointerException">java.lang.NullPointerException
	at com.qa.testclass.ElectronicsClassTest.validateElectronicsPageTitle(ElectronicsClassTest.java:50)
</failure>
    <system-out>Configuring TestNG with: org.apache.maven.surefire.testng.conf.TestNG652Configurator@7b1d7fff
</system-out>
    <system-err>Starting ChromeDriver 2.41.578737 (49da6702b16031c40d63e5618de03a32ff6c197e) on port 6869
Only local connections are allowed.
log4j:WARN No appenders could be found for logger (org.apache.http.client.protocol.RequestAddCookies).
log4j:WARN Please initialize the log4j system properly.
[1579705583.231][WARNING]: Timed out connecting to Chrome, retrying...
Jan 22, 2020 10:06:25 AM org.openqa.selenium.remote.ProtocolHandshake createSession
INFO: Detected dialect: OSS
[1579705587.491][WARNING]: Timed out connecting to Chrome, retrying...
</system-err>
  </testcase>
  <testcase classname="com.qa.testclass.LoginClassTest" name="walmartTitleTest" time="0.019">
    <failure message="expected [true] but found [false]" type="java.lang.AssertionError">java.lang.AssertionError: expected [true] but found [false]
	at org.testng.Assert.fail(Assert.java:94)
	at org.testng.Assert.failNotEquals(Assert.java:494)
	at org.testng.Assert.assertTrue(Assert.java:42)
	at org.testng.Assert.assertTrue(Assert.java:52)
	at com.qa.testclass.LoginClassTest.walmartTitleTest(LoginClassTest.java:44)
</failure>
    <system-out>Online Shopping Canada: Everyday Low Prices at Walmart.ca!
</system-out>
    <system-err>Starting ChromeDriver 2.41.578737 (49da6702b16031c40d63e5618de03a32ff6c197e) on port 40858
Only local connections are allowed.
[1579705618.594][WARNING]: Timed out connecting to Chrome, retrying...
Jan 22, 2020 10:07:00 AM org.openqa.selenium.remote.ProtocolHandshake createSession
INFO: Detected dialect: OSS
[1579705622.627][WARNING]: Timed out connecting to Chrome, retrying...
</system-err>
  </testcase>
  <testcase classname="com.qa.testclass.LoginClassTest" name="validateclickOnMyAccount" time="17.574"/>
  <testcase classname="com.qa.testclass.LoginClassTest" name="validateElectronicsTest" time="14.484"/>
</testsuite>