<?xml version="1.0" encoding="UTF-8"?>
<!-- Generated by org.testng.reporters.JUnitXMLReporter -->
<testsuite hostname="LAPTOP-IFGHVPFF" name="WalmartTest" tests="1" failures="0" timestamp="15 Jan 2020 19:12:08 GMT" time="27.75" errors="0">
  <testcase name="@BeforeMethod setUp" time="0.0" classname="com.qa.testclass.ElectronicsClassTest">
    <failure type="java.lang.NullPointerException">
      <![CDATA[java.lang.NullPointerException
	at org.openqa.selenium.remote.internal.WebElementToJsonConverter.apply(WebElementToJsonConverter.java:60)
	at com.google.common.collect.Iterators$6.transform(Iterators.java:820)
	at com.google.common.collect.TransformedIterator.next(TransformedIterator.java:48)
	at com.google.common.collect.Iterators.addAll(Iterators.java:373)
	at com.google.common.collect.Lists.newArrayList(Lists.java:165)
	at com.google.common.collect.Lists.newArrayList(Lists.java:150)
	at org.openqa.selenium.remote.RemoteWebDriver.executeScript(RemoteWebDriver.java:580)
	at com.qa.testbase.BaseClass.scrollElementIntoView(BaseClass.java:68)
	at com.qa.pages.LoginClass.clickOnElectonics(LoginClass.java:63)
	at com.qa.testclass.ElectronicsClassTest.setUp(ElectronicsClassTest.java:42)
... Removed 26 stack frames]]>
    </failure>
  </testcase> <!-- @BeforeMethod setUp -->
  <testcase name="@AfterMethod tearDown" time="0.0" classname="com.qa.testclass.ElectronicsClassTest">
    <skipped/>
  </testcase> <!-- @AfterMethod tearDown -->
  <testcase name="validateElectronicsPageTitle" time="0.002" classname="com.qa.testclass.ElectronicsClassTest">
    <skipped/>
  </testcase> <!-- validateElectronicsPageTitle -->
</testsuite> <!-- WalmartTest -->
